<?xml version="1.0" encoding="UTF-8"?>
<testsuite name="com.builders.utils.BuildersUtilTest" tests="1" skipped="0" failures="0" errors="0" timestamp="2022-04-11T20:10:01" hostname="EPUADNIW023B" time="0.005">
  <properties/>
  <testcase name="testHello" classname="com.builders.utils.BuildersUtilTest" time="0.005"/>
  <system-out><![CDATA[]]></system-out>
  <system-err><![CDATA[]]></system-err>
</testsuite>
